(---------------------------------------------------------------------)
(                                                                     )
(    Allegro Netrev Import Logic                                      )
(                                                                     )
(    Drawing          : new_idea.brd                                  )
(    Software Version : 23.1P001                                      )
(    Date/Time        : Thu Oct 17 21:07:06 2024                      )
(                                                                     )
(---------------------------------------------------------------------)


------ Directives ------------

Ripup etch:                  No
Ripup delete first segment:  No
Ripup retain bondwire:       No
Ripup symbols:               Always
Missing symbol has error:    No
DRC update:                  Yes
Schematic directory:         'c:\users\nuwan\documents\pspice\new_idea-pspicefiles'
Design Directory:            'C:/Users/Nuwan/Documents/Pspice/allegro'
Old design name:             'C:/Users/Nuwan/Documents/Pspice/allegro/new_idea.brd'
New design name:             'C:/Users/Nuwan/Documents/Pspice/allegro/new_idea.brd'

CmdLine: netrev.exe -y 1 -n -i c:\users\nuwan\documents\pspice\new_idea-pspicefiles C:/Users/Nuwan/Documents/Pspice/allegro/new_idea.brd C:/Users/Nuwan/Documents/Pspice/allegro/new_idea.brd

------ Preparing to read pst files ------

Starting to read c:/users/nuwan/documents/pspice/new_idea-pspicefiles/pstchip.dat 
   Finished reading c:/users/nuwan/documents/pspice/new_idea-pspicefiles/pstchip.dat (00:00:00.05)
Starting to read c:/users/nuwan/documents/pspice/new_idea-pspicefiles/pstxprt.dat 
   Finished reading c:/users/nuwan/documents/pspice/new_idea-pspicefiles/pstxprt.dat (00:00:00.00)
Starting to read c:/users/nuwan/documents/pspice/new_idea-pspicefiles/pstxnet.dat 
   Finished reading c:/users/nuwan/documents/pspice/new_idea-pspicefiles/pstxnet.dat (00:00:00.00)

------ Oversights/Warnings/Errors ------


------ Library Paths ------
MODULEPATH =  . 
           C:/Cadence/SPB_23.1/share/local/pcb/modules 

PSMPATH =  . 
           symbols 
           .. 
           ../symbols 
           C:/Cadence/SPB_23.1/share/local/pcb/symbols 
           C:/Cadence/SPB_23.1/share/pcb/pcb_lib/symbols 
           C:/Cadence/SPB_23.1/share/pcb/allegrolib/symbols 

PADPATH =  . 
           symbols 
           .. 
           ../symbols 
           C:/Cadence/SPB_23.1/share/local/pcb/padstacks 
           C:/Cadence/SPB_23.1/share/pcb/pcb_lib/symbols 
           C:/Cadence/SPB_23.1/share/pcb/allegrolib/symbols 


------ Summary Statistics ------


netrev run on Oct 17 21:07:06 2024
   DESIGN NAME : 'NEW_IDEA'
   PACKAGING ON Sep 29 2023 23:54:04

   COMPILE 'logic'
   CHECK_PIN_NAMES OFF
   CROSS_REFERENCE OFF
   FEEDBACK OFF
   INCREMENTAL OFF
   INTERFACE_TYPE PHYSICAL
   MAX_ERRORS 500
   MERGE_MINIMUM 5
   NET_NAME_CHARS '#%&()*+-./:=>?@[]^_`|'
   NET_NAME_LENGTH 24
   OVERSIGHTS ON
   REPLACE_CHECK OFF
   SINGLE_NODE_NETS ON
   SPLIT_MINIMUM 0
   SUPPRESS   20
   WARNINGS ON

 No error detected
 No oversight detected
 No warning detected

cpu time      0:01:30
elapsed time  0:00:00

